# JRE version: OpenJDK Runtime Environment Temurin-21.0.6+7 (21.0.6+7) (build 21.0.6+7-LTS)
# Java VM: OpenJDK 64-Bit Server VM Temurin-21.0.6+7 (21.0.6+7-LTS, mixed mode, sharing, tiered, compressed oops, compressed class ptrs, g1 gc, windows-amd64)
GC Precious Log:
 CardTable entry size: 512
 Card Set container configuration: InlinePtr #cards 5 size 8 Array Of Cards #cards 12 size 40 Howl #buckets 4 coarsen threshold 1843 Howl Bitmap #cards 512 size 80 coarsen threshold 460 Card regions per heap region 1 cards per card region 2048
 CPUs: 4 total, 4 available
 Memory: 4006M
 Large Page Support: Disabled
 NUMA Support: Disabled
 Compressed Oops: Enabled (32-bit)
 Heap Region Size: 1M
 Heap Min Capacity: 8M
 Heap Initial Capacity: 64M
 Heap Max Capacity: 1002M
 Pre-touch: Disabled
 Parallel Workers: 4
 Concurrent Workers: 1
 Concurrent Refinement Workers: 4
 Periodic GC: Disabled
Heap:
 garbage-first heap   total 66560K, used 51357K [0x00000000c1600000, 0x0000000100000000)
  region size 1024K, 21 young (21504K), 3 survivors (3072K)
 Metaspace       used 78172K, committed 78976K, reserved 1179648K
  class space    used 10452K, committed 10816K, reserved 1048576K
GC Heap History (20 events):
Event: 5.971 GC heap before
{Heap before GC invocations=6 (full 0):
 garbage-first heap   total 55296K, used 46531K [0x00000000c1600000, 0x0000000100000000)
  region size 1024K, 32 young (32768K), 2 survivors (2048K)
 Metaspace       used 25396K, committed 25792K, reserved 1114112K
  class space    used 3175K, committed 3392K, reserved 1048576K
}
Event: 5.984 GC heap after
{Heap after GC invocations=7 (full 0):
 garbage-first heap   total 55296K, used 18222K [0x00000000c1600000, 0x0000000100000000)
  region size 1024K, 4 young (4096K), 4 survivors (4096K)
 Metaspace       used 25396K, committed 25792K, reserved 1114112K
  class space    used 3175K, committed 3392K, reserved 1048576K
}
Event: 7.677 GC heap before
{Heap before GC invocations=7 (full 0):
 garbage-first heap   total 55296K, used 43822K [0x00000000c1600000, 0x0000000100000000)
  region size 1024K, 30 young (30720K), 4 survivors (4096K)
 Metaspace       used 31227K, committed 31808K, reserved 1114112K
  class space    used 3967K, committed 4224K, reserved 1048576K
}
Event: 7.699 GC heap after
{Heap after GC invocations=8 (full 0):
 garbage-first heap   total 55296K, used 21131K [0x00000000c1600000, 0x0000000100000000)
  region size 1024K, 3 young (3072K), 3 survivors (3072K)
 Metaspace       used 31227K, committed 31808K, reserved 1114112K
  class space    used 3967K, committed 4224K, reserved 1048576K
}
Event: 8.630 GC heap before
{Heap before GC invocations=8 (full 0):
 garbage-first heap   total 55296K, used 36491K [0x00000000c1600000, 0x0000000100000000)
  region size 1024K, 20 young (20480K), 3 survivors (3072K)
 Metaspace       used 35386K, committed 35968K, reserved 1114112K
  class space    used 4540K, committed 4800K, reserved 1048576K
}
Event: 8.638 GC heap after
{Heap after GC invocations=9 (full 0):
 garbage-first heap   total 55296K, used 22948K [0x00000000c1600000, 0x0000000100000000)
  region size 1024K, 2 young (2048K), 2 survivors (2048K)
 Metaspace       used 35386K, committed 35968K, reserved 1114112K
  class space    used 4540K, committed 4800K, reserved 1048576K
}
Event: 9.796 GC heap before
{Heap before GC invocations=10 (full 0):
 garbage-first heap   total 55296K, used 45476K [0x00000000c1600000, 0x0000000100000000)
  region size 1024K, 25 young (25600K), 2 survivors (2048K)
 Metaspace       used 42807K, committed 43328K, reserved 1114112K
  class space    used 5588K, committed 5824K, reserved 1048576K
}
Event: 9.803 GC heap after
{Heap after GC invocations=11 (full 0):
 garbage-first heap   total 55296K, used 25415K [0x00000000c1600000, 0x0000000100000000)
  region size 1024K, 4 young (4096K), 4 survivors (4096K)
 Metaspace       used 42807K, committed 43328K, reserved 1114112K
  class space    used 5588K, committed 5824K, reserved 1048576K
}
Event: 11.086 GC heap before
{Heap before GC invocations=11 (full 0):
 garbage-first heap   total 55296K, used 45895K [0x00000000c1600000, 0x0000000100000000)
  region size 1024K, 25 young (25600K), 4 survivors (4096K)
 Metaspace       used 50933K, committed 51584K, reserved 1114112K
  class space    used 6564K, committed 6848K, reserved 1048576K
}
Event: 11.095 GC heap after
{Heap after GC invocations=12 (full 0):
 garbage-first heap   total 55296K, used 26567K [0x00000000c1600000, 0x0000000100000000)
  region size 1024K, 2 young (2048K), 2 survivors (2048K)
 Metaspace       used 50933K, committed 51584K, reserved 1114112K
  class space    used 6564K, committed 6848K, reserved 1048576K
}
Event: 11.887 GC heap before
{Heap before GC invocations=12 (full 0):
 garbage-first heap   total 55296K, used 47047K [0x00000000c1600000, 0x0000000100000000)
  region size 1024K, 23 young (23552K), 2 survivors (2048K)
 Metaspace       used 57937K, committed 58560K, reserved 1114112K
  class space    used 7637K, committed 7936K, reserved 1048576K
}
Event: 11.892 GC heap after
{Heap after GC invocations=13 (full 0):
 garbage-first heap   total 55296K, used 27659K [0x00000000c1600000, 0x0000000100000000)
  region size 1024K, 2 young (2048K), 2 survivors (2048K)
 Metaspace       used 57937K, committed 58560K, reserved 1114112K
  class space    used 7637K, committed 7936K, reserved 1048576K
}
Event: 12.170 GC heap before
{Heap before GC invocations=13 (full 0):
 garbage-first heap   total 55296K, used 32779K [0x00000000c1600000, 0x0000000100000000)
  region size 1024K, 9 young (9216K), 2 survivors (2048K)
 Metaspace       used 59900K, committed 60480K, reserved 1114112K
  class space    used 7908K, committed 8192K, reserved 1048576K
}
Event: 12.173 GC heap after
{Heap after GC invocations=14 (full 0):
 garbage-first heap   total 55296K, used 27804K [0x00000000c1600000, 0x0000000100000000)
  region size 1024K, 2 young (2048K), 2 survivors (2048K)
 Metaspace       used 59900K, committed 60480K, reserved 1114112K
  class space    used 7908K, committed 8192K, reserved 1048576K
}
Event: 13.856 GC heap before
{Heap before GC invocations=15 (full 0):
 garbage-first heap   total 55296K, used 47260K [0x00000000c1600000, 0x0000000100000000)
  region size 1024K, 22 young (22528K), 2 survivors (2048K)
 Metaspace       used 63896K, committed 64576K, reserved 1114112K
  class space    used 8534K, committed 8832K, reserved 1048576K
}
Event: 13.864 GC heap after
{Heap after GC invocations=16 (full 0):
 garbage-first heap   total 66560K, used 29650K [0x00000000c1600000, 0x0000000100000000)
  region size 1024K, 3 young (3072K), 3 survivors (3072K)
 Metaspace       used 63896K, committed 64576K, reserved 1114112K
  class space    used 8534K, committed 8832K, reserved 1048576K
}
Event: 14.933 GC heap before
{Heap before GC invocations=16 (full 0):
 garbage-first heap   total 66560K, used 59346K [0x00000000c1600000, 0x0000000100000000)
  region size 1024K, 32 young (32768K), 3 survivors (3072K)
 Metaspace       used 68858K, committed 69632K, reserved 1114112K
  class space    used 9209K, committed 9536K, reserved 1048576K
}
Event: 14.945 GC heap after
{Heap after GC invocations=17 (full 0):
 garbage-first heap   total 66560K, used 32058K [0x00000000c1600000, 0x0000000100000000)
  region size 1024K, 4 young (4096K), 4 survivors (4096K)
 Metaspace       used 68858K, committed 69632K, reserved 1114112K
  class space    used 9209K, committed 9536K, reserved 1048576K
}
Event: 84.377 GC heap before
{Heap before GC invocations=17 (full 0):
 garbage-first heap   total 66560K, used 57658K [0x00000000c1600000, 0x0000000100000000)
  region size 1024K, 29 young (29696K), 4 survivors (4096K)
 Metaspace       used 73726K, committed 74432K, reserved 1114112K
  class space    used 9865K, committed 10176K, reserved 1048576K
}
Event: 84.390 GC heap after
{Heap after GC invocations=18 (full 0):
 garbage-first heap   total 66560K, used 34973K [0x00000000c1600000, 0x0000000100000000)
  region size 1024K, 3 young (3072K), 3 survivors (3072K)
 Metaspace       used 73726K, committed 74432K, reserved 1114112K
  class space    used 9865K, committed 10176K, reserved 1048576K
}

